pragma directive defines a prior version to 0.5.12. Changing pragma version to 0.5.12....
Traceback (most recent call last):
  File "/sec/securify/grammar/attributes/evaluators/evaluator_demand_iterative.py", line 53, in evaluate
    result = super()._execute_rule(rule, arguments)
  File "/sec/securify/grammar/attributes/evaluators/evaluator_base.py", line 42, in _execute_rule
    return rule.func(**{name: node for name, node in arguments.items()})
  File "/sec/securify/solidity/v_0_5_x/solidity_grammar_core.py", line 1690, in assignments
    assert len(lhs_flattened) == len(rhs_flattened)
AssertionError

The above exception was the direct cause of the following exception:

Traceback (most recent call last):
  File "securify/__main__.py", line 286, in <module>
    main()
  File "securify/__main__.py", line 277, in main
    matches.extend(pattern.find_matches())
  File "/sec/securify/analyses/patterns/static/static_analysis_patterns.py", line 73, in find_matches
    static = analysis_context.static_analysis
  File "/sec/securify/analyses/analysis.py", line 88, in static_analysis
    self._static = self.config.static_analysis(self)
  File "securify/__main__.py", line 255, in <lambda>
    static_analysis=lambda t: static_analysis.analyze_cfg(t.cfg, **souffle_config),
  File "/sec/securify/analyses/analysis.py", line 81, in cfg
    self._cfg = self.config.cfg_compiler(self)
  File "securify/__main__.py", line 254, in <lambda>
    cfg_compiler=lambda t: solidity_cfg_compiler.compile_cfg(t.ast).cfg,
  File "/sec/securify/solidity/solidity_cfg_compiler.py", line 88, in compile_cfg
    cfg = ast_attr.cfg
  File "/sec/securify/grammar/attributes/evaluators/evaluator_demand_base.py", line 84, in __get__
    return self.__evaluator.evaluate(instance, self.__name)
  File "/sec/securify/grammar/attributes/evaluators/evaluator_demand_iterative.py", line 57, in evaluate
    f"Rule trace: {self.__rule_trace(dependency_path)}") from e
securify.grammar.attributes.AttributeGrammarError: Error during evaluation of rule 'assignments'. 
Rule trace: 
	SynthesizeRule cfg (File "/sec/securify/solidity/v_0_5_x/solidity_grammar_core.py", line 199)
	SynthesizeRule cfg (File "/sec/securify/solidity/v_0_5_x/solidity_grammar_core.py", line 272)
	PushdownRule next_cfgs_unlinked (ImplicitPushdown)
	PushdownRule next_cfgs_unlinked (ImplicitPushdown)
	PushdownRule next_cfgs_unlinked (ImplicitPushdown)
	PushdownRule next_cfgs_unlinked (ImplicitPushdown)
	PushdownRule next_cfgs_unlinked (ImplicitPushdown)
	PushdownRule push_cfgs (File "/sec/securify/solidity/v_0_5_x/solidity_grammar_core.py", line 163)
	SynthesizeRule contract_cfg_unlinked (File "/sec/securify/solidity/v_0_5_x/solidity_grammar_core.py", line 258)
	SynthesizeRule cfg (File "/sec/securify/solidity/v_0_5_x/solidity_grammar_core.py", line 529)
	SynthesizeRule cfg_modified (File "/sec/securify/solidity/v_0_5_x/solidity_grammar_core.py", line 516)
	SynthesizeRule cfg_body (File "/sec/securify/solidity/v_0_5_x/solidity_grammar_core.py", line 500)
	SynthesizeRule cfg (File "/sec/securify/solidity/v_0_5_x/solidity_grammar_core.py", line 869)
	SynthesizeRule cfg (File "/sec/securify/solidity/v_0_5_x/solidity_grammar_core.py", line 1520)
	SynthesizeRule cfg (File "/sec/securify/solidity/v_0_5_x/solidity_grammar_core.py", line 1716)
	SynthesizeRule lvalue_operation (File "/sec/securify/solidity/v_0_5_x/solidity_grammar_core.py", line 1661)
	SynthesizeRule expression_value (File "/sec/securify/solidity/v_0_5_x/solidity_grammar_core.py", line 1979)
	SynthesizeRule flattened_expression_values (File "/sec/securify/solidity/v_0_5_x/solidity_grammar_core.py", line 1989)
	SynthesizeRule expression_value (File "/sec/securify/solidity/v_0_5_x/solidity_grammar_core.py", line 2097)
	SynthesizeRule base_expression_cfg (File "/sec/securify/solidity/v_0_5_x/solidity_grammar_core.py", line 2093)
	SynthesizeRule cfg (File "/sec/securify/solidity/v_0_5_x/solidity_grammar_core.py", line 2369)
	SynthesizeRule expression_value (File "/sec/securify/solidity/v_0_5_x/solidity_grammar_core.py", line 2293)
	PushdownRule variables_pre (File "/sec/securify/solidity/v_0_5_x/solidity_grammar_core.py", line 76)
	PushdownRule variables_pre (File "/sec/securify/solidity/v_0_5_x/solidity_grammar_core.py", line 76)
	PushdownRule variables_pre (File "/sec/securify/solidity/v_0_5_x/solidity_grammar_core.py", line 76)
	PushdownRule variables_pre (File "/sec/securify/solidity/v_0_5_x/solidity_grammar_core.py", line 76)
	PushdownRule variables_map_step (File "/sec/securify/solidity/v_0_5_x/solidity_grammar_core.py", line 827)
	SynthesizeRule variables_post (File "/sec/securify/solidity/v_0_5_x/solidity_grammar_core.py", line 1525)
	SynthesizeRule variables_post (File "/sec/securify/solidity/v_0_5_x/solidity_grammar_core.py", line 1643)
	SynthesizeRule assignments_local (File "/sec/securify/solidity/v_0_5_x/solidity_grammar_core.py", line 1698)
	SynthesizeRule assignments (File "/sec/securify/solidity/v_0_5_x/solidity_grammar_core.py", line 1670)

---------------------------------------------
For contract 0x0c63adc339af1685d14e173937a6a436f9a00c79.sol
Tool Runtime = 3.5510973609998473 seconds
#############################################