Traceback (most recent call last):
  File "/sec/securify/grammar/attributes/evaluators/evaluator_demand_iterative.py", line 53, in evaluate
    result = super()._execute_rule(rule, arguments)
  File "/sec/securify/grammar/attributes/evaluators/evaluator_base.py", line 42, in _execute_rule
    return rule.func(**{name: node for name, node in arguments.items()})
  File "/sec/securify/solidity/v_0_5_x/solidity_grammar_core.py", line 1690, in assignments
    assert len(lhs_flattened) == len(rhs_flattened)
AssertionError

The above exception was the direct cause of the following exception:

Traceback (most recent call last):
  File "securify/__main__.py", line 286, in <module>
    main()
  File "securify/__main__.py", line 277, in main
    matches.extend(pattern.find_matches())
  File "/sec/securify/analyses/patterns/static/static_analysis_patterns.py", line 73, in find_matches
    static = analysis_context.static_analysis
  File "/sec/securify/analyses/analysis.py", line 88, in static_analysis
    self._static = self.config.static_analysis(self)
  File "securify/__main__.py", line 255, in <lambda>
    static_analysis=lambda t: static_analysis.analyze_cfg(t.cfg, **souffle_config),
  File "/sec/securify/analyses/analysis.py", line 81, in cfg
    self._cfg = self.config.cfg_compiler(self)
  File "securify/__main__.py", line 254, in <lambda>
    cfg_compiler=lambda t: solidity_cfg_compiler.compile_cfg(t.ast).cfg,
  File "/sec/securify/solidity/solidity_cfg_compiler.py", line 88, in compile_cfg
    cfg = ast_attr.cfg
  File "/sec/securify/grammar/attributes/evaluators/evaluator_demand_base.py", line 84, in __get__
    return self.__evaluator.evaluate(instance, self.__name)
  File "/sec/securify/grammar/attributes/evaluators/evaluator_demand_iterative.py", line 57, in evaluate
    f"Rule trace: {self.__rule_trace(dependency_path)}") from e
securify.grammar.attributes.AttributeGrammarError: Error during evaluation of rule 'assignments'. 
Rule trace: 
	SynthesizeRule cfg (File "/sec/securify/solidity/v_0_5_x/solidity_grammar_core.py", line 199)
	SynthesizeRule cfg (File "/sec/securify/solidity/v_0_5_x/solidity_grammar_core.py", line 272)
	SynthesizeRule cfg_constructor (File "/sec/securify/solidity/v_0_5_x/solidity_rules_constructors.py", line 154)
	SynthesizeRule cfg_constructor_chain (File "/sec/securify/solidity/v_0_5_x/solidity_rules_constructors.py", line 71)
	SynthesizeRule cfg (File "/sec/securify/solidity/v_0_5_x/solidity_grammar_core.py", line 529)
	SynthesizeRule cfg_modified (File "/sec/securify/solidity/v_0_5_x/solidity_grammar_core.py", line 516)
	SynthesizeRule cfg_body (File "/sec/securify/solidity/v_0_5_x/solidity_grammar_core.py", line 500)
	SynthesizeRule cfg (File "/sec/securify/solidity/v_0_5_x/solidity_grammar_core.py", line 869)
	SynthesizeRule cfg (File "/sec/securify/solidity/v_0_5_x/solidity_grammar_core.py", line 993)
	SynthesizeRule variables_post (File "/sec/securify/solidity/v_0_5_x/solidity_grammar_core.py", line 1921)
	SynthesizeRule variables_post (File "/sec/securify/solidity/v_0_5_x/solidity_grammar_core.py", line 73)
	PushdownRule push_variables (File "/sec/securify/solidity/v_0_5_x/solidity_grammar_core.py", line 1917)
	SynthesizeRule variables_post (File "/sec/securify/solidity/v_0_5_x/solidity_grammar_core.py", line 73)
	PushdownRule variables_pre (File "/sec/securify/solidity/v_0_5_x/solidity_grammar_core.py", line 76)
	PushdownRule variables_pre (File "/sec/securify/solidity/v_0_5_x/solidity_grammar_core.py", line 76)
	PushdownRule variables_map_step (File "/sec/securify/solidity/v_0_5_x/solidity_grammar_core.py", line 827)
	SynthesizeRule variables_post (File "/sec/securify/solidity/v_0_5_x/solidity_grammar_core.py", line 1474)
	PushdownRule variables_map_step (File "/sec/securify/solidity/v_0_5_x/solidity_grammar_core.py", line 827)
	SynthesizeRule variables_post (File "/sec/securify/solidity/v_0_5_x/solidity_grammar_core.py", line 1474)
	PushdownRule variables_map_step (File "/sec/securify/solidity/v_0_5_x/solidity_grammar_core.py", line 827)
	SynthesizeRule variables_post (File "/sec/securify/solidity/v_0_5_x/solidity_grammar_core.py", line 962)
	PushdownRule variables_map_step (File "/sec/securify/solidity/v_0_5_x/solidity_grammar_core.py", line 827)
	SynthesizeRule variables_post (File "/sec/securify/solidity/v_0_5_x/solidity_grammar_core.py", line 962)
	PushdownRule variables_map_step (File "/sec/securify/solidity/v_0_5_x/solidity_grammar_core.py", line 827)
	SynthesizeRule variables_post (File "/sec/securify/solidity/v_0_5_x/solidity_grammar_core.py", line 1525)
	SynthesizeRule variables_post (File "/sec/securify/solidity/v_0_5_x/solidity_grammar_core.py", line 73)
	PushdownRule variables_pre (File "/sec/securify/solidity/v_0_5_x/solidity_grammar_core.py", line 76)
	PushdownRule variables_map_step (File "/sec/securify/solidity/v_0_5_x/solidity_grammar_core.py", line 827)
	SynthesizeRule variables_post (File "/sec/securify/solidity/v_0_5_x/solidity_grammar_core.py", line 1525)
	SynthesizeRule variables_post (File "/sec/securify/solidity/v_0_5_x/solidity_grammar_core.py", line 1643)
	SynthesizeRule assignments_local (File "/sec/securify/solidity/v_0_5_x/solidity_grammar_core.py", line 1698)
	SynthesizeRule assignments (File "/sec/securify/solidity/v_0_5_x/solidity_grammar_core.py", line 1670)

---------------------------------------------
For contract 0x73efb2b57c32fa146a9e1a5fbc5d4e77c072a5fb.sol
Tool Runtime = 3.1334817089955322 seconds
#############################################